The system is: Darwin - 10.4.0 - i386
Compiling the Fortran compiler identification source file "CMakeFortranCompilerId.F" succeeded.
Compiler: /usr/local/bin/gfortran 
Build flags: 
Id flags: 

The output was:
0


Compilation of the Fortran compiler identification source "CMakeFortranCompilerId.F" produced "a.out"

The Fortran compiler identification is GNU, found in "/Users/erlebach/Documents/src/gpu_sph_sim_source_code/gpusphsim-read-only/build_cmake/CMakeFiles/CompilerIdFortran/a.out"

Compiling the C compiler identification source file "CMakeCCompilerId.c" succeeded.
Compiler: /usr/bin/gcc 
Build flags: 
Id flags: 

The output was:
0


Compilation of the C compiler identification source "CMakeCCompilerId.c" produced "a.out"

The C compiler identification is GNU, found in "/Users/erlebach/Documents/src/gpu_sph_sim_source_code/gpusphsim-read-only/build_cmake/CMakeFiles/CompilerIdC/a.out"

Determining if the Fortran compiler works passed with the following output:
Change Dir: /Users/erlebach/Documents/src/gpu_sph_sim_source_code/gpusphsim-read-only/build_cmake/CMakeFiles/CMakeTmp

Run Build Command:/opt/local/bin/gmake "cmTryCompileExec/fast"
/opt/local/bin/gmake -f CMakeFiles/cmTryCompileExec.dir/build.make CMakeFiles/cmTryCompileExec.dir/build
gmake[1]: Entering directory `/Users/erlebach/Documents/src/gpu_sph_sim_source_code/gpusphsim-read-only/build_cmake/CMakeFiles/CMakeTmp'
/opt/local/bin/cmake -E cmake_progress_report /Users/erlebach/Documents/src/gpu_sph_sim_source_code/gpusphsim-read-only/build_cmake/CMakeFiles/CMakeTmp/CMakeFiles 1
Building Fortran object CMakeFiles/cmTryCompileExec.dir/testFortranCompiler.f.o
/usr/local/bin/gfortran  -o CMakeFiles/cmTryCompileExec.dir/testFortranCompiler.f.o   -c /Users/erlebach/Documents/src/gpu_sph_sim_source_code/gpusphsim-read-only/build_cmake/CMakeFiles/CMakeTmp/testFortranCompiler.f
Linking Fortran executable cmTryCompileExec
/opt/local/bin/cmake -E cmake_link_script CMakeFiles/cmTryCompileExec.dir/link.txt --verbose=1
/usr/local/bin/gfortran        CMakeFiles/cmTryCompileExec.dir/testFortranCompiler.f.o  -o cmTryCompileExec  
gmake[1]: Leaving directory `/Users/erlebach/Documents/src/gpu_sph_sim_source_code/gpusphsim-read-only/build_cmake/CMakeFiles/CMakeTmp'


Detecting Fortran compiler ABI info compiled with the following output:
Change Dir: /Users/erlebach/Documents/src/gpu_sph_sim_source_code/gpusphsim-read-only/build_cmake/CMakeFiles/CMakeTmp

Run Build Command:/opt/local/bin/gmake "cmTryCompileExec/fast"
/opt/local/bin/gmake -f CMakeFiles/cmTryCompileExec.dir/build.make CMakeFiles/cmTryCompileExec.dir/build
gmake[1]: Entering directory `/Users/erlebach/Documents/src/gpu_sph_sim_source_code/gpusphsim-read-only/build_cmake/CMakeFiles/CMakeTmp'
/opt/local/bin/cmake -E cmake_progress_report /Users/erlebach/Documents/src/gpu_sph_sim_source_code/gpusphsim-read-only/build_cmake/CMakeFiles/CMakeTmp/CMakeFiles 1
Building Fortran object CMakeFiles/cmTryCompileExec.dir/CMakeFortranCompilerABI.F.o
/usr/local/bin/gfortran  -o CMakeFiles/cmTryCompileExec.dir/CMakeFortranCompilerABI.F.o   -c /opt/local/share/cmake-2.8/Modules/CMakeFortranCompilerABI.F
Linking Fortran executable cmTryCompileExec
/opt/local/bin/cmake -E cmake_link_script CMakeFiles/cmTryCompileExec.dir/link.txt --verbose=1
/usr/local/bin/gfortran   -v     CMakeFiles/cmTryCompileExec.dir/CMakeFortranCompilerABI.F.o  -o cmTryCompileExec   
Driving: /usr/local/bin/gfortran -mmacosx-version-min=10.6.4 -v CMakeFiles/cmTryCompileExec.dir/CMakeFortranCompilerABI.F.o -o cmTryCompileExec -lgfortran -shared-libgcc
Using built-in specs.
COLLECT_GCC=/usr/local/bin/gfortran
COLLECT_LTO_WRAPPER=/usr/local/libexec/gcc/x86_64-apple-darwin10/4.6.0/lto-wrapper
Target: x86_64-apple-darwin10
Configured with: ../gcc-4.6-20100703/configure --enable-languages=fortran,c++ --host=x86_64-apple-darwin10 --build=x86_64-apple-darwin10
Thread model: posix
gcc version 4.6.0 20100703 (experimental) (GCC) 
COMPILER_PATH=/usr/local/libexec/gcc/x86_64-apple-darwin10/4.6.0/:/usr/local/libexec/gcc/x86_64-apple-darwin10/4.6.0/:/usr/local/libexec/gcc/x86_64-apple-darwin10/:/usr/local/lib/gcc/x86_64-apple-darwin10/4.6.0/:/usr/local/lib/gcc/x86_64-apple-darwin10/
LIBRARY_PATH=/usr/local/lib/gcc/x86_64-apple-darwin10/4.6.0/:/usr/local/lib/gcc/x86_64-apple-darwin10/4.6.0/../../../:/usr/lib/
COLLECT_GCC_OPTIONS='-mmacosx-version-min=10.6.4' '-v' '-o' 'cmTryCompileExec' '-shared-libgcc' '-mtune=generic'
 /usr/local/libexec/gcc/x86_64-apple-darwin10/4.6.0/collect2 -dynamic -arch x86_64 -macosx_version_min 10.6.4 -weak_reference_mismatches non-weak -o cmTryCompileExec -lcrt1.10.5.o -L/usr/local/lib/gcc/x86_64-apple-darwin10/4.6.0 -L/usr/local/lib/gcc/x86_64-apple-darwin10/4.6.0/../../.. CMakeFiles/cmTryCompileExec.dir/CMakeFortranCompilerABI.F.o -lgfortran -lgcc_s.10.5 -lgcc_ext.10.5 -lgcc -no_compact_unwind -lSystem
COLLECT_GCC_OPTIONS='-mmacosx-version-min=10.6.4' '-v' '-o' 'cmTryCompileExec' '-shared-libgcc' '-mtune=generic'
gmake[1]: Leaving directory `/Users/erlebach/Documents/src/gpu_sph_sim_source_code/gpusphsim-read-only/build_cmake/CMakeFiles/CMakeTmp'


Parsed Fortran implicit link information from above output:
  link line regex: [^( *|.*[/\])(ld|ld|collect2)[^/\]*( |$)]
  ignore line: [Change Dir: /Users/erlebach/Documents/src/gpu_sph_sim_source_code/gpusphsim-read-only/build_cmake/CMakeFiles/CMakeTmp]
  ignore line: []
  ignore line: [Run Build Command:/opt/local/bin/gmake "cmTryCompileExec/fast"]
  ignore line: [/opt/local/bin/gmake -f CMakeFiles/cmTryCompileExec.dir/build.make CMakeFiles/cmTryCompileExec.dir/build]
  ignore line: [gmake[1]: Entering directory `/Users/erlebach/Documents/src/gpu_sph_sim_source_code/gpusphsim-read-only/build_cmake/CMakeFiles/CMakeTmp']
  ignore line: [/opt/local/bin/cmake -E cmake_progress_report /Users/erlebach/Documents/src/gpu_sph_sim_source_code/gpusphsim-read-only/build_cmake/CMakeFiles/CMakeTmp/CMakeFiles 1]
  ignore line: [Building Fortran object CMakeFiles/cmTryCompileExec.dir/CMakeFortranCompilerABI.F.o]
  ignore line: [/usr/local/bin/gfortran  -o CMakeFiles/cmTryCompileExec.dir/CMakeFortranCompilerABI.F.o   -c /opt/local/share/cmake-2.8/Modules/CMakeFortranCompilerABI.F]
  ignore line: [Linking Fortran executable cmTryCompileExec]
  ignore line: [/opt/local/bin/cmake -E cmake_link_script CMakeFiles/cmTryCompileExec.dir/link.txt --verbose=1]
  ignore line: [/usr/local/bin/gfortran   -v     CMakeFiles/cmTryCompileExec.dir/CMakeFortranCompilerABI.F.o  -o cmTryCompileExec   ]
  ignore line: [Driving: /usr/local/bin/gfortran -mmacosx-version-min=10.6.4 -v CMakeFiles/cmTryCompileExec.dir/CMakeFortranCompilerABI.F.o -o cmTryCompileExec -lgfortran -shared-libgcc]
  ignore line: [Using built-in specs.]
  ignore line: [COLLECT_GCC=/usr/local/bin/gfortran]
  ignore line: [COLLECT_LTO_WRAPPER=/usr/local/libexec/gcc/x86_64-apple-darwin10/4.6.0/lto-wrapper]
  ignore line: [Target: x86_64-apple-darwin10]
  ignore line: [Configured with: ../gcc-4.6-20100703/configure --enable-languages=fortran,c++ --host=x86_64-apple-darwin10 --build=x86_64-apple-darwin10]
  ignore line: [Thread model: posix]
  ignore line: [gcc version 4.6.0 20100703 (experimental) (GCC) ]
  ignore line: [COMPILER_PATH=/usr/local/libexec/gcc/x86_64-apple-darwin10/4.6.0/:/usr/local/libexec/gcc/x86_64-apple-darwin10/4.6.0/:/usr/local/libexec/gcc/x86_64-apple-darwin10/:/usr/local/lib/gcc/x86_64-apple-darwin10/4.6.0/:/usr/local/lib/gcc/x86_64-apple-darwin10/]
  ignore line: [LIBRARY_PATH=/usr/local/lib/gcc/x86_64-apple-darwin10/4.6.0/:/usr/local/lib/gcc/x86_64-apple-darwin10/4.6.0/../../../:/usr/lib/]
  ignore line: [COLLECT_GCC_OPTIONS='-mmacosx-version-min=10.6.4' '-v' '-o' 'cmTryCompileExec' '-shared-libgcc' '-mtune=generic']
  link line: [ /usr/local/libexec/gcc/x86_64-apple-darwin10/4.6.0/collect2 -dynamic -arch x86_64 -macosx_version_min 10.6.4 -weak_reference_mismatches non-weak -o cmTryCompileExec -lcrt1.10.5.o -L/usr/local/lib/gcc/x86_64-apple-darwin10/4.6.0 -L/usr/local/lib/gcc/x86_64-apple-darwin10/4.6.0/../../.. CMakeFiles/cmTryCompileExec.dir/CMakeFortranCompilerABI.F.o -lgfortran -lgcc_s.10.5 -lgcc_ext.10.5 -lgcc -no_compact_unwind -lSystem]
    arg [/usr/local/libexec/gcc/x86_64-apple-darwin10/4.6.0/collect2] ==> ignore
    arg [-dynamic] ==> ignore
    arg [-arch] ==> ignore
    arg [x86_64] ==> ignore
    arg [-macosx_version_min] ==> ignore
    arg [10.6.4] ==> ignore
    arg [-weak_reference_mismatches] ==> ignore
    arg [non-weak] ==> ignore
    arg [-o] ==> ignore
    arg [cmTryCompileExec] ==> ignore
    arg [-lcrt1.10.5.o] ==> lib [crt1.10.5.o]
    arg [-L/usr/local/lib/gcc/x86_64-apple-darwin10/4.6.0] ==> dir [/usr/local/lib/gcc/x86_64-apple-darwin10/4.6.0]
    arg [-L/usr/local/lib/gcc/x86_64-apple-darwin10/4.6.0/../../..] ==> dir [/usr/local/lib/gcc/x86_64-apple-darwin10/4.6.0/../../..]
    arg [CMakeFiles/cmTryCompileExec.dir/CMakeFortranCompilerABI.F.o] ==> ignore
    arg [-lgfortran] ==> lib [gfortran]
    arg [-lgcc_s.10.5] ==> lib [gcc_s.10.5]
    arg [-lgcc_ext.10.5] ==> lib [gcc_ext.10.5]
    arg [-lgcc] ==> lib [gcc]
    arg [-no_compact_unwind] ==> ignore
    arg [-lSystem] ==> lib [System]
  remove lib [crt1.10.5.o]
  remove lib [gcc_s.10.5]
  remove lib [gcc_ext.10.5]
  remove lib [gcc]
  remove lib [System]
  collapse dir [/usr/local/lib/gcc/x86_64-apple-darwin10/4.6.0] ==> [/usr/local/lib/gcc/x86_64-apple-darwin10/4.6.0]
  collapse dir [/usr/local/lib/gcc/x86_64-apple-darwin10/4.6.0/../../..] ==> [/usr/local/lib]
  implicit libs: [gfortran]
  implicit dirs: [/usr/local/lib/gcc/x86_64-apple-darwin10/4.6.0;/usr/local/lib]


Determining if the Fortran compiler supports Fortran 90 passed with the following output:
Change Dir: /Users/erlebach/Documents/src/gpu_sph_sim_source_code/gpusphsim-read-only/build_cmake/CMakeFiles/CMakeTmp

Run Build Command:/opt/local/bin/gmake "cmTryCompileExec/fast"
/opt/local/bin/gmake -f CMakeFiles/cmTryCompileExec.dir/build.make CMakeFiles/cmTryCompileExec.dir/build
gmake[1]: Entering directory `/Users/erlebach/Documents/src/gpu_sph_sim_source_code/gpusphsim-read-only/build_cmake/CMakeFiles/CMakeTmp'
/opt/local/bin/cmake -E cmake_progress_report /Users/erlebach/Documents/src/gpu_sph_sim_source_code/gpusphsim-read-only/build_cmake/CMakeFiles/CMakeTmp/CMakeFiles 1
Building Fortran object CMakeFiles/cmTryCompileExec.dir/testFortranCompilerF90.f90.o
/usr/local/bin/gfortran  -o CMakeFiles/cmTryCompileExec.dir/testFortranCompilerF90.f90.o   -c /Users/erlebach/Documents/src/gpu_sph_sim_source_code/gpusphsim-read-only/build_cmake/CMakeFiles/CMakeTmp/testFortranCompilerF90.f90
Linking Fortran executable cmTryCompileExec
/opt/local/bin/cmake -E cmake_link_script CMakeFiles/cmTryCompileExec.dir/link.txt --verbose=1
/usr/local/bin/gfortran        CMakeFiles/cmTryCompileExec.dir/testFortranCompilerF90.f90.o  -o cmTryCompileExec  
gmake[1]: Leaving directory `/Users/erlebach/Documents/src/gpu_sph_sim_source_code/gpusphsim-read-only/build_cmake/CMakeFiles/CMakeTmp'


Determining if the C compiler works passed with the following output:
Change Dir: /Users/erlebach/Documents/src/gpu_sph_sim_source_code/gpusphsim-read-only/build_cmake/CMakeFiles/CMakeTmp

Run Build Command:/opt/local/bin/gmake "cmTryCompileExec/fast"
/opt/local/bin/gmake -f CMakeFiles/cmTryCompileExec.dir/build.make CMakeFiles/cmTryCompileExec.dir/build
gmake[1]: Entering directory `/Users/erlebach/Documents/src/gpu_sph_sim_source_code/gpusphsim-read-only/build_cmake/CMakeFiles/CMakeTmp'
/opt/local/bin/cmake -E cmake_progress_report /Users/erlebach/Documents/src/gpu_sph_sim_source_code/gpusphsim-read-only/build_cmake/CMakeFiles/CMakeTmp/CMakeFiles 1
Building C object CMakeFiles/cmTryCompileExec.dir/testCCompiler.c.o
/usr/bin/gcc    -o CMakeFiles/cmTryCompileExec.dir/testCCompiler.c.o   -c /Users/erlebach/Documents/src/gpu_sph_sim_source_code/gpusphsim-read-only/build_cmake/CMakeFiles/CMakeTmp/testCCompiler.c
Linking C executable cmTryCompileExec
/opt/local/bin/cmake -E cmake_link_script CMakeFiles/cmTryCompileExec.dir/link.txt --verbose=1
/usr/bin/gcc      -Wl,-search_paths_first -headerpad_max_install_names  CMakeFiles/cmTryCompileExec.dir/testCCompiler.c.o  -o cmTryCompileExec  
gmake[1]: Leaving directory `/Users/erlebach/Documents/src/gpu_sph_sim_source_code/gpusphsim-read-only/build_cmake/CMakeFiles/CMakeTmp'


Detecting C compiler ABI info compiled with the following output:
Change Dir: /Users/erlebach/Documents/src/gpu_sph_sim_source_code/gpusphsim-read-only/build_cmake/CMakeFiles/CMakeTmp

Run Build Command:/opt/local/bin/gmake "cmTryCompileExec/fast"
/opt/local/bin/gmake -f CMakeFiles/cmTryCompileExec.dir/build.make CMakeFiles/cmTryCompileExec.dir/build
gmake[1]: Entering directory `/Users/erlebach/Documents/src/gpu_sph_sim_source_code/gpusphsim-read-only/build_cmake/CMakeFiles/CMakeTmp'
/opt/local/bin/cmake -E cmake_progress_report /Users/erlebach/Documents/src/gpu_sph_sim_source_code/gpusphsim-read-only/build_cmake/CMakeFiles/CMakeTmp/CMakeFiles 1
Building C object CMakeFiles/cmTryCompileExec.dir/CMakeCCompilerABI.c.o
/usr/bin/gcc    -o CMakeFiles/cmTryCompileExec.dir/CMakeCCompilerABI.c.o   -c /opt/local/share/cmake-2.8/Modules/CMakeCCompilerABI.c
Linking C executable cmTryCompileExec
/opt/local/bin/cmake -E cmake_link_script CMakeFiles/cmTryCompileExec.dir/link.txt --verbose=1
/usr/bin/gcc      -Wl,-search_paths_first -headerpad_max_install_names -v CMakeFiles/cmTryCompileExec.dir/CMakeCCompilerABI.c.o  -o cmTryCompileExec   
Using built-in specs.
Target: i686-apple-darwin10
Configured with: /var/tmp/gcc/gcc-5664~38/src/configure --disable-checking --enable-werror --prefix=/usr --mandir=/share/man --enable-languages=c,objc,c++,obj-c++ --program-transform-name=/^[cg][^.-]*$/s/$/-4.2/ --with-slibdir=/usr/lib --build=i686-apple-darwin10 --program-prefix=i686-apple-darwin10- --host=x86_64-apple-darwin10 --target=i686-apple-darwin10 --with-gxx-include-dir=/include/c++/4.2.1
Thread model: posix
gcc version 4.2.1 (Apple Inc. build 5664)
 /usr/libexec/gcc/i686-apple-darwin10/4.2.1/collect2 -dynamic -arch x86_64 -headerpad_max_install_names -macosx_version_min 10.6.4 -weak_reference_mismatches non-weak -o cmTryCompileExec -lcrt1.10.6.o -L/usr/lib/gcc/i686-apple-darwin10/4.2.1/x86_64 -L/usr/lib/gcc/i686-apple-darwin10/4.2.1/x86_64 -L/usr/lib/i686-apple-darwin10/4.2.1 -L/usr/lib/gcc/i686-apple-darwin10/4.2.1 -L/usr/lib/gcc/i686-apple-darwin10/4.2.1 -L/usr/lib/gcc/i686-apple-darwin10/4.2.1/../../../i686-apple-darwin10/4.2.1 -L/usr/lib/gcc/i686-apple-darwin10/4.2.1/../../.. -search_paths_first CMakeFiles/cmTryCompileExec.dir/CMakeCCompilerABI.c.o -lSystem -lgcc -lSystem
gmake[1]: Leaving directory `/Users/erlebach/Documents/src/gpu_sph_sim_source_code/gpusphsim-read-only/build_cmake/CMakeFiles/CMakeTmp'


Parsed C implicit link information from above output:
  link line regex: [^( *|.*[/\])(ld|ld|collect2)[^/\]*( |$)]
  ignore line: [Change Dir: /Users/erlebach/Documents/src/gpu_sph_sim_source_code/gpusphsim-read-only/build_cmake/CMakeFiles/CMakeTmp]
  ignore line: []
  ignore line: [Run Build Command:/opt/local/bin/gmake "cmTryCompileExec/fast"]
  ignore line: [/opt/local/bin/gmake -f CMakeFiles/cmTryCompileExec.dir/build.make CMakeFiles/cmTryCompileExec.dir/build]
  ignore line: [gmake[1]: Entering directory `/Users/erlebach/Documents/src/gpu_sph_sim_source_code/gpusphsim-read-only/build_cmake/CMakeFiles/CMakeTmp']
  ignore line: [/opt/local/bin/cmake -E cmake_progress_report /Users/erlebach/Documents/src/gpu_sph_sim_source_code/gpusphsim-read-only/build_cmake/CMakeFiles/CMakeTmp/CMakeFiles 1]
  ignore line: [Building C object CMakeFiles/cmTryCompileExec.dir/CMakeCCompilerABI.c.o]
  ignore line: [/usr/bin/gcc    -o CMakeFiles/cmTryCompileExec.dir/CMakeCCompilerABI.c.o   -c /opt/local/share/cmake-2.8/Modules/CMakeCCompilerABI.c]
  ignore line: [Linking C executable cmTryCompileExec]
  ignore line: [/opt/local/bin/cmake -E cmake_link_script CMakeFiles/cmTryCompileExec.dir/link.txt --verbose=1]
  ignore line: [/usr/bin/gcc      -Wl,-search_paths_first -headerpad_max_install_names -v CMakeFiles/cmTryCompileExec.dir/CMakeCCompilerABI.c.o  -o cmTryCompileExec   ]
  ignore line: [Using built-in specs.]
  ignore line: [Target: i686-apple-darwin10]
  ignore line: [Configured with: /var/tmp/gcc/gcc-5664~38/src/configure --disable-checking --enable-werror --prefix=/usr --mandir=/share/man --enable-languages=c,objc,c++,obj-c++ --program-transform-name=/^[cg][^.-]*$/s/$/-4.2/ --with-slibdir=/usr/lib --build=i686-apple-darwin10 --program-prefix=i686-apple-darwin10- --host=x86_64-apple-darwin10 --target=i686-apple-darwin10 --with-gxx-include-dir=/include/c++/4.2.1]
  ignore line: [Thread model: posix]
  ignore line: [gcc version 4.2.1 (Apple Inc. build 5664)]
  link line: [ /usr/libexec/gcc/i686-apple-darwin10/4.2.1/collect2 -dynamic -arch x86_64 -headerpad_max_install_names -macosx_version_min 10.6.4 -weak_reference_mismatches non-weak -o cmTryCompileExec -lcrt1.10.6.o -L/usr/lib/gcc/i686-apple-darwin10/4.2.1/x86_64 -L/usr/lib/gcc/i686-apple-darwin10/4.2.1/x86_64 -L/usr/lib/i686-apple-darwin10/4.2.1 -L/usr/lib/gcc/i686-apple-darwin10/4.2.1 -L/usr/lib/gcc/i686-apple-darwin10/4.2.1 -L/usr/lib/gcc/i686-apple-darwin10/4.2.1/../../../i686-apple-darwin10/4.2.1 -L/usr/lib/gcc/i686-apple-darwin10/4.2.1/../../.. -search_paths_first CMakeFiles/cmTryCompileExec.dir/CMakeCCompilerABI.c.o -lSystem -lgcc -lSystem]
    arg [/usr/libexec/gcc/i686-apple-darwin10/4.2.1/collect2] ==> ignore
    arg [-dynamic] ==> ignore
    arg [-arch] ==> ignore
    arg [x86_64] ==> ignore
    arg [-headerpad_max_install_names] ==> ignore
    arg [-macosx_version_min] ==> ignore
    arg [10.6.4] ==> ignore
    arg [-weak_reference_mismatches] ==> ignore
    arg [non-weak] ==> ignore
    arg [-o] ==> ignore
    arg [cmTryCompileExec] ==> ignore
    arg [-lcrt1.10.6.o] ==> lib [crt1.10.6.o]
    arg [-L/usr/lib/gcc/i686-apple-darwin10/4.2.1/x86_64] ==> dir [/usr/lib/gcc/i686-apple-darwin10/4.2.1/x86_64]
    arg [-L/usr/lib/gcc/i686-apple-darwin10/4.2.1/x86_64] ==> dir [/usr/lib/gcc/i686-apple-darwin10/4.2.1/x86_64]
    arg [-L/usr/lib/i686-apple-darwin10/4.2.1] ==> dir [/usr/lib/i686-apple-darwin10/4.2.1]
    arg [-L/usr/lib/gcc/i686-apple-darwin10/4.2.1] ==> dir [/usr/lib/gcc/i686-apple-darwin10/4.2.1]
    arg [-L/usr/lib/gcc/i686-apple-darwin10/4.2.1] ==> dir [/usr/lib/gcc/i686-apple-darwin10/4.2.1]
    arg [-L/usr/lib/gcc/i686-apple-darwin10/4.2.1/../../../i686-apple-darwin10/4.2.1] ==> dir [/usr/lib/gcc/i686-apple-darwin10/4.2.1/../../../i686-apple-darwin10/4.2.1]
    arg [-L/usr/lib/gcc/i686-apple-darwin10/4.2.1/../../..] ==> dir [/usr/lib/gcc/i686-apple-darwin10/4.2.1/../../..]
    arg [-search_paths_first] ==> ignore
    arg [CMakeFiles/cmTryCompileExec.dir/CMakeCCompilerABI.c.o] ==> ignore
    arg [-lSystem] ==> lib [System]
    arg [-lgcc] ==> lib [gcc]
    arg [-lSystem] ==> lib [System]
  remove lib [crt1.10.6.o]
  remove lib [System]
  remove lib [gcc]
  remove lib [System]
  collapse dir [/usr/lib/gcc/i686-apple-darwin10/4.2.1/x86_64] ==> [/usr/lib/gcc/i686-apple-darwin10/4.2.1/x86_64]
  collapse dir [/usr/lib/gcc/i686-apple-darwin10/4.2.1/x86_64] ==> [/usr/lib/gcc/i686-apple-darwin10/4.2.1/x86_64]
  collapse dir [/usr/lib/i686-apple-darwin10/4.2.1] ==> [/usr/lib/i686-apple-darwin10/4.2.1]
  collapse dir [/usr/lib/gcc/i686-apple-darwin10/4.2.1] ==> [/usr/lib/gcc/i686-apple-darwin10/4.2.1]
  collapse dir [/usr/lib/gcc/i686-apple-darwin10/4.2.1] ==> [/usr/lib/gcc/i686-apple-darwin10/4.2.1]
  collapse dir [/usr/lib/gcc/i686-apple-darwin10/4.2.1/../../../i686-apple-darwin10/4.2.1] ==> [/usr/lib/i686-apple-darwin10/4.2.1]
  collapse dir [/usr/lib/gcc/i686-apple-darwin10/4.2.1/../../..] ==> [/usr/lib]
  implicit libs: []
  implicit dirs: [/usr/lib/gcc/i686-apple-darwin10/4.2.1/x86_64;/usr/lib/i686-apple-darwin10/4.2.1;/usr/lib/gcc/i686-apple-darwin10/4.2.1;/usr/lib]


Compiling the CXX compiler identification source file "CMakeCXXCompilerId.cpp" succeeded.
Compiler: /usr/bin/c++ 
Build flags: 
Id flags: 

The output was:
0
CMakeCXXCompilerId.cpp:79: warning: deprecated conversion from string constant to ‘char*’
CMakeCXXCompilerId.cpp:192: warning: deprecated conversion from string constant to ‘char*’
CMakeCXXCompilerId.cpp:193: warning: deprecated conversion from string constant to ‘char*’


Compilation of the CXX compiler identification source "CMakeCXXCompilerId.cpp" produced "a.out"

The CXX compiler identification is GNU, found in "/Users/erlebach/Documents/src/gpu_sph_sim_source_code/gpusphsim-read-only/build_cmake/CMakeFiles/CompilerIdCXX/a.out"

Determining if the CXX compiler works passed with the following output:
Change Dir: /Users/erlebach/Documents/src/gpu_sph_sim_source_code/gpusphsim-read-only/build_cmake/CMakeFiles/CMakeTmp

Run Build Command:/opt/local/bin/gmake "cmTryCompileExec/fast"
/opt/local/bin/gmake -f CMakeFiles/cmTryCompileExec.dir/build.make CMakeFiles/cmTryCompileExec.dir/build
gmake[1]: Entering directory `/Users/erlebach/Documents/src/gpu_sph_sim_source_code/gpusphsim-read-only/build_cmake/CMakeFiles/CMakeTmp'
/opt/local/bin/cmake -E cmake_progress_report /Users/erlebach/Documents/src/gpu_sph_sim_source_code/gpusphsim-read-only/build_cmake/CMakeFiles/CMakeTmp/CMakeFiles 1
Building CXX object CMakeFiles/cmTryCompileExec.dir/testCXXCompiler.cxx.o
/usr/bin/c++     -o CMakeFiles/cmTryCompileExec.dir/testCXXCompiler.cxx.o -c /Users/erlebach/Documents/src/gpu_sph_sim_source_code/gpusphsim-read-only/build_cmake/CMakeFiles/CMakeTmp/testCXXCompiler.cxx
Linking CXX executable cmTryCompileExec
/opt/local/bin/cmake -E cmake_link_script CMakeFiles/cmTryCompileExec.dir/link.txt --verbose=1
/usr/bin/c++       -Wl,-search_paths_first -headerpad_max_install_names  CMakeFiles/cmTryCompileExec.dir/testCXXCompiler.cxx.o  -o cmTryCompileExec  
gmake[1]: Leaving directory `/Users/erlebach/Documents/src/gpu_sph_sim_source_code/gpusphsim-read-only/build_cmake/CMakeFiles/CMakeTmp'


Detecting CXX compiler ABI info compiled with the following output:
Change Dir: /Users/erlebach/Documents/src/gpu_sph_sim_source_code/gpusphsim-read-only/build_cmake/CMakeFiles/CMakeTmp

Run Build Command:/opt/local/bin/gmake "cmTryCompileExec/fast"
/opt/local/bin/gmake -f CMakeFiles/cmTryCompileExec.dir/build.make CMakeFiles/cmTryCompileExec.dir/build
gmake[1]: Entering directory `/Users/erlebach/Documents/src/gpu_sph_sim_source_code/gpusphsim-read-only/build_cmake/CMakeFiles/CMakeTmp'
/opt/local/bin/cmake -E cmake_progress_report /Users/erlebach/Documents/src/gpu_sph_sim_source_code/gpusphsim-read-only/build_cmake/CMakeFiles/CMakeTmp/CMakeFiles 1
Building CXX object CMakeFiles/cmTryCompileExec.dir/CMakeCXXCompilerABI.cpp.o
/usr/bin/c++     -o CMakeFiles/cmTryCompileExec.dir/CMakeCXXCompilerABI.cpp.o -c /opt/local/share/cmake-2.8/Modules/CMakeCXXCompilerABI.cpp
Linking CXX executable cmTryCompileExec
/opt/local/bin/cmake -E cmake_link_script CMakeFiles/cmTryCompileExec.dir/link.txt --verbose=1
/usr/bin/c++       -Wl,-search_paths_first -headerpad_max_install_names -v CMakeFiles/cmTryCompileExec.dir/CMakeCXXCompilerABI.cpp.o  -o cmTryCompileExec   
Using built-in specs.
Target: i686-apple-darwin10
Configured with: /var/tmp/gcc/gcc-5664~38/src/configure --disable-checking --enable-werror --prefix=/usr --mandir=/share/man --enable-languages=c,objc,c++,obj-c++ --program-transform-name=/^[cg][^.-]*$/s/$/-4.2/ --with-slibdir=/usr/lib --build=i686-apple-darwin10 --program-prefix=i686-apple-darwin10- --host=x86_64-apple-darwin10 --target=i686-apple-darwin10 --with-gxx-include-dir=/include/c++/4.2.1
Thread model: posix
gcc version 4.2.1 (Apple Inc. build 5664)
 /usr/libexec/gcc/i686-apple-darwin10/4.2.1/collect2 -dynamic -arch x86_64 -headerpad_max_install_names -macosx_version_min 10.6.4 -weak_reference_mismatches non-weak -o cmTryCompileExec -lcrt1.10.6.o -L/usr/lib/gcc/i686-apple-darwin10/4.2.1/x86_64 -L/usr/lib/gcc/i686-apple-darwin10/4.2.1/x86_64 -L/usr/lib/i686-apple-darwin10/4.2.1 -L/usr/lib/gcc/i686-apple-darwin10/4.2.1 -L/usr/lib/gcc/i686-apple-darwin10/4.2.1 -L/usr/lib/gcc/i686-apple-darwin10/4.2.1/../../../i686-apple-darwin10/4.2.1 -L/usr/lib/gcc/i686-apple-darwin10/4.2.1/../../.. -search_paths_first CMakeFiles/cmTryCompileExec.dir/CMakeCXXCompilerABI.cpp.o -lstdc++ -lSystem -lgcc -lSystem
gmake[1]: Leaving directory `/Users/erlebach/Documents/src/gpu_sph_sim_source_code/gpusphsim-read-only/build_cmake/CMakeFiles/CMakeTmp'


Parsed CXX implicit link information from above output:
  link line regex: [^( *|.*[/\])(ld|ld|collect2)[^/\]*( |$)]
  ignore line: [Change Dir: /Users/erlebach/Documents/src/gpu_sph_sim_source_code/gpusphsim-read-only/build_cmake/CMakeFiles/CMakeTmp]
  ignore line: []
  ignore line: [Run Build Command:/opt/local/bin/gmake "cmTryCompileExec/fast"]
  ignore line: [/opt/local/bin/gmake -f CMakeFiles/cmTryCompileExec.dir/build.make CMakeFiles/cmTryCompileExec.dir/build]
  ignore line: [gmake[1]: Entering directory `/Users/erlebach/Documents/src/gpu_sph_sim_source_code/gpusphsim-read-only/build_cmake/CMakeFiles/CMakeTmp']
  ignore line: [/opt/local/bin/cmake -E cmake_progress_report /Users/erlebach/Documents/src/gpu_sph_sim_source_code/gpusphsim-read-only/build_cmake/CMakeFiles/CMakeTmp/CMakeFiles 1]
  ignore line: [Building CXX object CMakeFiles/cmTryCompileExec.dir/CMakeCXXCompilerABI.cpp.o]
  ignore line: [/usr/bin/c++     -o CMakeFiles/cmTryCompileExec.dir/CMakeCXXCompilerABI.cpp.o -c /opt/local/share/cmake-2.8/Modules/CMakeCXXCompilerABI.cpp]
  ignore line: [Linking CXX executable cmTryCompileExec]
  ignore line: [/opt/local/bin/cmake -E cmake_link_script CMakeFiles/cmTryCompileExec.dir/link.txt --verbose=1]
  ignore line: [/usr/bin/c++       -Wl,-search_paths_first -headerpad_max_install_names -v CMakeFiles/cmTryCompileExec.dir/CMakeCXXCompilerABI.cpp.o  -o cmTryCompileExec   ]
  ignore line: [Using built-in specs.]
  ignore line: [Target: i686-apple-darwin10]
  ignore line: [Configured with: /var/tmp/gcc/gcc-5664~38/src/configure --disable-checking --enable-werror --prefix=/usr --mandir=/share/man --enable-languages=c,objc,c++,obj-c++ --program-transform-name=/^[cg][^.-]*$/s/$/-4.2/ --with-slibdir=/usr/lib --build=i686-apple-darwin10 --program-prefix=i686-apple-darwin10- --host=x86_64-apple-darwin10 --target=i686-apple-darwin10 --with-gxx-include-dir=/include/c++/4.2.1]
  ignore line: [Thread model: posix]
  ignore line: [gcc version 4.2.1 (Apple Inc. build 5664)]
  link line: [ /usr/libexec/gcc/i686-apple-darwin10/4.2.1/collect2 -dynamic -arch x86_64 -headerpad_max_install_names -macosx_version_min 10.6.4 -weak_reference_mismatches non-weak -o cmTryCompileExec -lcrt1.10.6.o -L/usr/lib/gcc/i686-apple-darwin10/4.2.1/x86_64 -L/usr/lib/gcc/i686-apple-darwin10/4.2.1/x86_64 -L/usr/lib/i686-apple-darwin10/4.2.1 -L/usr/lib/gcc/i686-apple-darwin10/4.2.1 -L/usr/lib/gcc/i686-apple-darwin10/4.2.1 -L/usr/lib/gcc/i686-apple-darwin10/4.2.1/../../../i686-apple-darwin10/4.2.1 -L/usr/lib/gcc/i686-apple-darwin10/4.2.1/../../.. -search_paths_first CMakeFiles/cmTryCompileExec.dir/CMakeCXXCompilerABI.cpp.o -lstdc++ -lSystem -lgcc -lSystem]
    arg [/usr/libexec/gcc/i686-apple-darwin10/4.2.1/collect2] ==> ignore
    arg [-dynamic] ==> ignore
    arg [-arch] ==> ignore
    arg [x86_64] ==> ignore
    arg [-headerpad_max_install_names] ==> ignore
    arg [-macosx_version_min] ==> ignore
    arg [10.6.4] ==> ignore
    arg [-weak_reference_mismatches] ==> ignore
    arg [non-weak] ==> ignore
    arg [-o] ==> ignore
    arg [cmTryCompileExec] ==> ignore
    arg [-lcrt1.10.6.o] ==> lib [crt1.10.6.o]
    arg [-L/usr/lib/gcc/i686-apple-darwin10/4.2.1/x86_64] ==> dir [/usr/lib/gcc/i686-apple-darwin10/4.2.1/x86_64]
    arg [-L/usr/lib/gcc/i686-apple-darwin10/4.2.1/x86_64] ==> dir [/usr/lib/gcc/i686-apple-darwin10/4.2.1/x86_64]
    arg [-L/usr/lib/i686-apple-darwin10/4.2.1] ==> dir [/usr/lib/i686-apple-darwin10/4.2.1]
    arg [-L/usr/lib/gcc/i686-apple-darwin10/4.2.1] ==> dir [/usr/lib/gcc/i686-apple-darwin10/4.2.1]
    arg [-L/usr/lib/gcc/i686-apple-darwin10/4.2.1] ==> dir [/usr/lib/gcc/i686-apple-darwin10/4.2.1]
    arg [-L/usr/lib/gcc/i686-apple-darwin10/4.2.1/../../../i686-apple-darwin10/4.2.1] ==> dir [/usr/lib/gcc/i686-apple-darwin10/4.2.1/../../../i686-apple-darwin10/4.2.1]
    arg [-L/usr/lib/gcc/i686-apple-darwin10/4.2.1/../../..] ==> dir [/usr/lib/gcc/i686-apple-darwin10/4.2.1/../../..]
    arg [-search_paths_first] ==> ignore
    arg [CMakeFiles/cmTryCompileExec.dir/CMakeCXXCompilerABI.cpp.o] ==> ignore
    arg [-lstdc++] ==> lib [stdc++]
    arg [-lSystem] ==> lib [System]
    arg [-lgcc] ==> lib [gcc]
    arg [-lSystem] ==> lib [System]
  remove lib [crt1.10.6.o]
  remove lib [System]
  remove lib [gcc]
  remove lib [System]
  collapse dir [/usr/lib/gcc/i686-apple-darwin10/4.2.1/x86_64] ==> [/usr/lib/gcc/i686-apple-darwin10/4.2.1/x86_64]
  collapse dir [/usr/lib/gcc/i686-apple-darwin10/4.2.1/x86_64] ==> [/usr/lib/gcc/i686-apple-darwin10/4.2.1/x86_64]
  collapse dir [/usr/lib/i686-apple-darwin10/4.2.1] ==> [/usr/lib/i686-apple-darwin10/4.2.1]
  collapse dir [/usr/lib/gcc/i686-apple-darwin10/4.2.1] ==> [/usr/lib/gcc/i686-apple-darwin10/4.2.1]
  collapse dir [/usr/lib/gcc/i686-apple-darwin10/4.2.1] ==> [/usr/lib/gcc/i686-apple-darwin10/4.2.1]
  collapse dir [/usr/lib/gcc/i686-apple-darwin10/4.2.1/../../../i686-apple-darwin10/4.2.1] ==> [/usr/lib/i686-apple-darwin10/4.2.1]
  collapse dir [/usr/lib/gcc/i686-apple-darwin10/4.2.1/../../..] ==> [/usr/lib]
  implicit libs: [stdc++]
  implicit dirs: [/usr/lib/gcc/i686-apple-darwin10/4.2.1/x86_64;/usr/lib/i686-apple-darwin10/4.2.1;/usr/lib/gcc/i686-apple-darwin10/4.2.1;/usr/lib]


